<?xml version="1.0" encoding="UTF-8"?>
<testng-results skipped="0" failed="0" ignored="0" total="1" passed="1">
  <reporter-output>
  </reporter-output>
  <suite name="Default suite" duration-ms="63600" started-at="2020-02-26T16:01:21 PKT" finished-at="2020-02-26T16:02:24 PKT">
    <groups>
    </groups>
    <test name="Default test" duration-ms="63600" started-at="2020-02-26T16:01:21 PKT" finished-at="2020-02-26T16:02:24 PKT">
      <class name="Demo.TESTCASE">
        <test-method status="PASS" signature="main()[pri:0, instance:Demo.TESTCASE@2dd2e270]" name="main" duration-ms="63529" started-at="2020-02-26T16:01:21 PKT" finished-at="2020-02-26T16:02:24 PKT">
          <reporter-output>
          </reporter-output>
        </test-method> <!-- main -->
      </class> <!-- Demo.TESTCASE -->
    </test> <!-- Default test -->
  </suite> <!-- Default suite -->
</testng-results>
